2021-01-27 17:23:45.673 - INFO - 5640 - azureml.train.automl._azureautomlclient.modify_run_configuration:199 - Package azureml-train-automl missing from dependencies file.
2021-01-27 17:23:45.673 - INFO - 5640 - azureml.train.automl._azureautomlclient.modify_run_configuration:205 - Using pinned version: azureml-train-automl==1.20.0.*
2021-01-27 17:23:45.673 - INFO - 5640 - azureml.train.automl._azureautomlclient.modify_run_configuration:199 - Package pandas missing from dependencies file.
2021-01-27 17:23:45.674 - INFO - 5640 - azureml.train.automl._azureautomlclient.modify_run_configuration:205 - Using pinned version: pandas==0.25.1
2021-01-27 17:23:45.674 - INFO - 5640 - azureml.train.automl._azureautomlclient.modify_run_configuration:199 - Package psutil missing from dependencies file.
2021-01-27 17:23:45.675 - INFO - 5640 - azureml.train.automl._azureautomlclient.modify_run_configuration:205 - Using pinned version: psutil>5.0.0,<6.0.0
2021-01-27 17:23:45.676 - INFO - 5640 - azureml.train.automl._azureautomlclient.modify_run_configuration:199 - Package scikit-learn missing from dependencies file.
2021-01-27 17:23:45.684 - INFO - 5640 - azureml.train.automl._azureautomlclient.modify_run_configuration:205 - Using pinned version: scikit-learn==0.22.1
2021-01-27 17:23:45.685 - INFO - 5640 - azureml.train.automl._azureautomlclient.modify_run_configuration:199 - Package numpy missing from dependencies file.
2021-01-27 17:23:45.685 - INFO - 5640 - azureml.train.automl._azureautomlclient.modify_run_configuration:205 - Using pinned version: numpy~=1.18.0
2021-01-27 17:23:45.686 - INFO - 5640 - azureml.train.automl._azureautomlclient.modify_run_configuration:199 - Package py-xgboost missing from dependencies file.
2021-01-27 17:23:45.686 - INFO - 5640 - azureml.train.automl._azureautomlclient.modify_run_configuration:205 - Using pinned version: py-xgboost<=0.90
2021-01-27 17:23:45.688 - INFO - 5640 - azureml.train.automl._azureautomlclient.modify_run_configuration:199 - Package inference-schema missing from dependencies file.
2021-01-27 17:23:45.688 - INFO - 5640 - azureml.train.automl._azureautomlclient.modify_run_configuration:199 - Package fbprophet missing from dependencies file.
2021-01-27 17:23:45.688 - INFO - 5640 - azureml.train.automl._azureautomlclient.modify_run_configuration:205 - Using pinned version: fbprophet==0.5
2021-01-27 17:23:45.690 - INFO - 5640 - azureml.train.automl._azureautomlclient.modify_run_configuration:199 - Package setuptools-git missing from dependencies file.
2021-01-27 17:23:45.692 - INFO - 5640 - azureml.train.automl._azureautomlclient.modify_run_configuration:209 - Using installed version: setuptools-git==1.2
2021-01-27 17:23:45.705 - INFO - 5640 - azureml.train.automl._azureautomlclient._validate_input:664 - Start data validation.
2021-01-27 17:23:47.254 - INFO - 5640 - azureml.train.automl._azureautomlclient._validate_input:677 - Validation service found the data has no errors.
2021-01-27 17:23:47.254 - INFO - 5640 - azureml.train.automl._azureautomlclient._create_parent_run_for_remote:542 - Start creating parent run.
2021-01-27 17:23:47.971 - INFO - 5640 - azureml.train.automl._azureautomlclient._create_parent_run_for_remote:562 - [ParentRunID:AutoML_87a4bd3e-5eb4-4f36-b783-1a27c61f2f61] Remote run using input X and y.
2021-01-27 17:23:48.422 - INFO - 5640 - azureml.train.automl._azureautomlclient._create_parent_run_for_remote:575 - Parent Run ID: AutoML_87a4bd3e-5eb4-4f36-b783-1a27c61f2f61
2021-01-27 17:23:48.423 - INFO - 5640 - azureml.train.automl._azureautomlclient._fit_remote_core:503 - Starting a snapshot run (snapshot_id : None)
2021-01-27 17:25:21.963 - INFO - 5640 - azureml.train.automl._azureautomlclient.modify_run_configuration:199 - Package azureml-train-automl missing from dependencies file.
2021-01-27 17:25:21.963 - INFO - 5640 - azureml.train.automl._azureautomlclient.modify_run_configuration:205 - Using pinned version: azureml-train-automl==1.20.0.*
2021-01-27 17:25:21.964 - INFO - 5640 - azureml.train.automl._azureautomlclient.modify_run_configuration:199 - Package pandas missing from dependencies file.
2021-01-27 17:25:21.964 - INFO - 5640 - azureml.train.automl._azureautomlclient.modify_run_configuration:205 - Using pinned version: pandas==0.25.1
2021-01-27 17:25:21.964 - INFO - 5640 - azureml.train.automl._azureautomlclient.modify_run_configuration:199 - Package psutil missing from dependencies file.
2021-01-27 17:25:21.964 - INFO - 5640 - azureml.train.automl._azureautomlclient.modify_run_configuration:205 - Using pinned version: psutil>5.0.0,<6.0.0
2021-01-27 17:25:21.964 - INFO - 5640 - azureml.train.automl._azureautomlclient.modify_run_configuration:199 - Package scikit-learn missing from dependencies file.
2021-01-27 17:25:21.964 - INFO - 5640 - azureml.train.automl._azureautomlclient.modify_run_configuration:205 - Using pinned version: scikit-learn==0.22.1
2021-01-27 17:25:21.965 - INFO - 5640 - azureml.train.automl._azureautomlclient.modify_run_configuration:199 - Package numpy missing from dependencies file.
2021-01-27 17:25:21.965 - INFO - 5640 - azureml.train.automl._azureautomlclient.modify_run_configuration:205 - Using pinned version: numpy~=1.18.0
2021-01-27 17:25:21.965 - INFO - 5640 - azureml.train.automl._azureautomlclient.modify_run_configuration:199 - Package py-xgboost missing from dependencies file.
2021-01-27 17:25:21.965 - INFO - 5640 - azureml.train.automl._azureautomlclient.modify_run_configuration:205 - Using pinned version: py-xgboost<=0.90
2021-01-27 17:25:21.965 - INFO - 5640 - azureml.train.automl._azureautomlclient.modify_run_configuration:199 - Package inference-schema missing from dependencies file.
2021-01-27 17:25:21.965 - INFO - 5640 - azureml.train.automl._azureautomlclient.modify_run_configuration:199 - Package fbprophet missing from dependencies file.
2021-01-27 17:25:21.965 - INFO - 5640 - azureml.train.automl._azureautomlclient.modify_run_configuration:205 - Using pinned version: fbprophet==0.5
2021-01-27 17:25:21.965 - INFO - 5640 - azureml.train.automl._azureautomlclient.modify_run_configuration:199 - Package setuptools-git missing from dependencies file.
2021-01-27 17:25:21.965 - INFO - 5640 - azureml.train.automl._azureautomlclient.modify_run_configuration:209 - Using installed version: setuptools-git==1.2
2021-01-27 17:25:21.971 - INFO - 5640 - azureml.train.automl._azureautomlclient._validate_input:664 - Start data validation.
2021-01-27 17:25:24.732 - INFO - 5640 - azureml.train.automl._azureautomlclient._validate_input:677 - Validation service found the data has no errors.
2021-01-27 17:25:24.733 - INFO - 5640 - azureml.train.automl._azureautomlclient._create_parent_run_for_remote:542 - Start creating parent run.
2021-01-27 17:25:24.957 - INFO - 5640 - azureml.train.automl._azureautomlclient._create_parent_run_for_remote:562 - [ParentRunID:AutoML_8934d6c4-8831-4d4b-98e5-907b3bdab98d] Remote run using input X and y.
2021-01-27 17:25:25.021 - INFO - 5640 - azureml.train.automl._azureautomlclient._create_parent_run_for_remote:575 - Parent Run ID: AutoML_8934d6c4-8831-4d4b-98e5-907b3bdab98d
2021-01-27 17:25:25.022 - INFO - 5640 - azureml.train.automl._azureautomlclient._fit_remote_core:503 - Starting a snapshot run (snapshot_id : None)
